<?xml version="1.0" encoding="UTF-8"?>
<testng-results skipped="0" failed="9" ignored="0" total="168" passed="159">
  <reporter-output>
  </reporter-output>
  <suite name="TestSuite" duration-ms="1535" started-at="2017-06-26T09:41:32Z" finished-at="2017-06-26T09:41:33Z">
    <groups>
    </groups>
    <test name="AutoQA" duration-ms="1535" started-at="2017-06-26T09:41:32Z" finished-at="2017-06-26T09:41:33Z">
      <class name="tests.task0106.Tst0601SumMinAndMax">
        <test-method status="PASS" signature="maxValidValue(double, double, double)[pri:0, instance:tests.task0106.Tst0601SumMinAndMax@48eff760]" name="maxValidValue" duration-ms="10" started-at="2017-06-26T12:41:33Z" data-provider="dp3" finished-at="2017-06-26T12:41:33Z">
          <params>
            <param index="0">
              <value>
                <![CDATA[0.0]]>
              </value>
            </param>
            <param index="1">
              <value>
                <![CDATA[0.0]]>
              </value>
            </param>
            <param index="2">
              <value>
                <![CDATA[0.0]]>
              </value>
            </param>
          </params>
          <reporter-output>
          </reporter-output>
        </test-method> <!-- maxValidValue -->
        <test-method status="PASS" signature="maxValidValue(double, double, double)[pri:0, instance:tests.task0106.Tst0601SumMinAndMax@48eff760]" name="maxValidValue" duration-ms="1" started-at="2017-06-26T12:41:33Z" data-provider="dp3" finished-at="2017-06-26T12:41:33Z">
          <params>
            <param index="0">
              <value>
                <![CDATA[-1.0]]>
              </value>
            </param>
            <param index="1">
              <value>
                <![CDATA[-2.0]]>
              </value>
            </param>
            <param index="2">
              <value>
                <![CDATA[-1.0]]>
              </value>
            </param>
          </params>
          <reporter-output>
          </reporter-output>
        </test-method> <!-- maxValidValue -->
        <test-method status="PASS" signature="maxValidValue(double, double, double)[pri:0, instance:tests.task0106.Tst0601SumMinAndMax@48eff760]" name="maxValidValue" duration-ms="8" started-at="2017-06-26T12:41:33Z" data-provider="dp3" finished-at="2017-06-26T12:41:33Z">
          <params>
            <param index="0">
              <value>
                <![CDATA[-1.0]]>
              </value>
            </param>
            <param index="1">
              <value>
                <![CDATA[2.0]]>
              </value>
            </param>
            <param index="2">
              <value>
                <![CDATA[2.0]]>
              </value>
            </param>
          </params>
          <reporter-output>
          </reporter-output>
        </test-method> <!-- maxValidValue -->
        <test-method status="PASS" signature="maxValidValue(double, double, double)[pri:0, instance:tests.task0106.Tst0601SumMinAndMax@48eff760]" name="maxValidValue" duration-ms="1" started-at="2017-06-26T12:41:33Z" data-provider="dp3" finished-at="2017-06-26T12:41:33Z">
          <params>
            <param index="0">
              <value>
                <![CDATA[1.0]]>
              </value>
            </param>
            <param index="1">
              <value>
                <![CDATA[2.0]]>
              </value>
            </param>
            <param index="2">
              <value>
                <![CDATA[2.0]]>
              </value>
            </param>
          </params>
          <reporter-output>
          </reporter-output>
        </test-method> <!-- maxValidValue -->
        <test-method status="PASS" signature="minValidValue(double, double, double)[pri:0, instance:tests.task0106.Tst0601SumMinAndMax@48eff760]" name="minValidValue" duration-ms="1" started-at="2017-06-26T12:41:33Z" data-provider="dp2" finished-at="2017-06-26T12:41:33Z">
          <params>
            <param index="0">
              <value>
                <![CDATA[0.0]]>
              </value>
            </param>
            <param index="1">
              <value>
                <![CDATA[0.0]]>
              </value>
            </param>
            <param index="2">
              <value>
                <![CDATA[0.0]]>
              </value>
            </param>
          </params>
          <reporter-output>
          </reporter-output>
        </test-method> <!-- minValidValue -->
        <test-method status="PASS" signature="minValidValue(double, double, double)[pri:0, instance:tests.task0106.Tst0601SumMinAndMax@48eff760]" name="minValidValue" duration-ms="0" started-at="2017-06-26T12:41:33Z" data-provider="dp2" finished-at="2017-06-26T12:41:33Z">
          <params>
            <param index="0">
              <value>
                <![CDATA[-1.0]]>
              </value>
            </param>
            <param index="1">
              <value>
                <![CDATA[-2.0]]>
              </value>
            </param>
            <param index="2">
              <value>
                <![CDATA[-2.0]]>
              </value>
            </param>
          </params>
          <reporter-output>
          </reporter-output>
        </test-method> <!-- minValidValue -->
        <test-method status="PASS" signature="minValidValue(double, double, double)[pri:0, instance:tests.task0106.Tst0601SumMinAndMax@48eff760]" name="minValidValue" duration-ms="0" started-at="2017-06-26T12:41:33Z" data-provider="dp2" finished-at="2017-06-26T12:41:33Z">
          <params>
            <param index="0">
              <value>
                <![CDATA[-1.0]]>
              </value>
            </param>
            <param index="1">
              <value>
                <![CDATA[2.0]]>
              </value>
            </param>
            <param index="2">
              <value>
                <![CDATA[-1.0]]>
              </value>
            </param>
          </params>
          <reporter-output>
          </reporter-output>
        </test-method> <!-- minValidValue -->
        <test-method status="PASS" signature="minValidValue(double, double, double)[pri:0, instance:tests.task0106.Tst0601SumMinAndMax@48eff760]" name="minValidValue" duration-ms="0" started-at="2017-06-26T12:41:33Z" data-provider="dp2" finished-at="2017-06-26T12:41:33Z">
          <params>
            <param index="0">
              <value>
                <![CDATA[1.0]]>
              </value>
            </param>
            <param index="1">
              <value>
                <![CDATA[2.0]]>
              </value>
            </param>
            <param index="2">
              <value>
                <![CDATA[1.0]]>
              </value>
            </param>
          </params>
          <reporter-output>
          </reporter-output>
        </test-method> <!-- minValidValue -->
        <test-method status="PASS" signature="summMinAndMaxValidValue(double, double, double, double)[pri:0, instance:tests.task0106.Tst0601SumMinAndMax@48eff760]" name="summMinAndMaxValidValue" duration-ms="59" started-at="2017-06-26T12:41:33Z" data-provider="dp1" finished-at="2017-06-26T12:41:33Z">
          <params>
            <param index="0">
              <value>
                <![CDATA[-1.0]]>
              </value>
            </param>
            <param index="1">
              <value>
                <![CDATA[-2.0]]>
              </value>
            </param>
            <param index="2">
              <value>
                <![CDATA[-3.0]]>
              </value>
            </param>
            <param index="3">
              <value>
                <![CDATA[-4.0]]>
              </value>
            </param>
          </params>
          <reporter-output>
          </reporter-output>
        </test-method> <!-- summMinAndMaxValidValue -->
        <test-method status="PASS" signature="summMinAndMaxValidValue(double, double, double, double)[pri:0, instance:tests.task0106.Tst0601SumMinAndMax@48eff760]" name="summMinAndMaxValidValue" duration-ms="0" started-at="2017-06-26T12:41:33Z" data-provider="dp1" finished-at="2017-06-26T12:41:33Z">
          <params>
            <param index="0">
              <value>
                <![CDATA[0.0]]>
              </value>
            </param>
            <param index="1">
              <value>
                <![CDATA[0.0]]>
              </value>
            </param>
            <param index="2">
              <value>
                <![CDATA[0.0]]>
              </value>
            </param>
            <param index="3">
              <value>
                <![CDATA[0.0]]>
              </value>
            </param>
          </params>
          <reporter-output>
          </reporter-output>
        </test-method> <!-- summMinAndMaxValidValue -->
        <test-method status="PASS" signature="summMinAndMaxValidValue(double, double, double, double)[pri:0, instance:tests.task0106.Tst0601SumMinAndMax@48eff760]" name="summMinAndMaxValidValue" duration-ms="1" started-at="2017-06-26T12:41:33Z" data-provider="dp1" finished-at="2017-06-26T12:41:33Z">
          <params>
            <param index="0">
              <value>
                <![CDATA[-1.0]]>
              </value>
            </param>
            <param index="1">
              <value>
                <![CDATA[0.0]]>
              </value>
            </param>
            <param index="2">
              <value>
                <![CDATA[3.0]]>
              </value>
            </param>
            <param index="3">
              <value>
                <![CDATA[2.0]]>
              </value>
            </param>
          </params>
          <reporter-output>
          </reporter-output>
        </test-method> <!-- summMinAndMaxValidValue -->
      </class> <!-- tests.task0106.Tst0601SumMinAndMax -->
      <class name="tests.task0103.Tst0301Triangle">
        <test-method status="FAIL" signature="getAreaValidValue(double, double, double)[pri:0, instance:tests.task0103.Tst0301Triangle@4de8b406]" name="getAreaValidValue" duration-ms="18" started-at="2017-06-26T12:41:32Z" data-provider="dp3" finished-at="2017-06-26T12:41:32Z">
          <params>
            <param index="0">
              <value>
                <![CDATA[1]]>
              </value>
            </param>
            <param index="1">
              <value>
                <![CDATA[1]]>
              </value>
            </param>
            <param index="2">
              <value>
                <![CDATA[0.5]]>
              </value>
            </param>
          </params>
          <exception class="java.lang.AssertionError">
            <message>
              <![CDATA[expected [0.5] but found [1.0]]]>
            </message>
            <full-stacktrace>
              <![CDATA[java.lang.AssertionError: expected [0.5] but found [1.0]
	at org.testng.Assert.fail(Assert.java:93)
	at org.testng.Assert.failNotEquals(Assert.java:512)
	at org.testng.Assert.assertEqualsImpl(Assert.java:134)
	at org.testng.Assert.assertEquals(Assert.java:115)
	at org.testng.Assert.assertEquals(Assert.java:178)
	at tests.task0103.Tst0301Triangle.getAreaValidValue(Tst0301Triangle.java:38)
	at sun.reflect.NativeMethodAccessorImpl.invoke0(Native Method)
	at sun.reflect.NativeMethodAccessorImpl.invoke(NativeMethodAccessorImpl.java:62)
	at sun.reflect.DelegatingMethodAccessorImpl.invoke(DelegatingMethodAccessorImpl.java:43)
	at java.lang.reflect.Method.invoke(Method.java:498)
	at org.testng.internal.MethodInvocationHelper.invokeMethod(MethodInvocationHelper.java:108)
	at org.testng.internal.Invoker.invokeMethod(Invoker.java:661)
	at org.testng.internal.Invoker.invokeTestMethod(Invoker.java:869)
	at org.testng.internal.Invoker.invokeTestMethods(Invoker.java:1193)
	at org.testng.internal.TestMethodWorker.invokeTestMethods(TestMethodWorker.java:126)
	at org.testng.internal.TestMethodWorker.run(TestMethodWorker.java:109)
	at org.testng.TestRunner.privateRun(TestRunner.java:744)
	at org.testng.TestRunner.run(TestRunner.java:602)
	at org.testng.SuiteRunner.runTest(SuiteRunner.java:380)
	at org.testng.SuiteRunner.runSequentially(SuiteRunner.java:375)
	at org.testng.SuiteRunner.privateRun(SuiteRunner.java:340)
	at org.testng.SuiteRunner.run(SuiteRunner.java:289)
	at org.testng.SuiteRunnerWorker.runSuite(SuiteRunnerWorker.java:52)
	at org.testng.SuiteRunnerWorker.run(SuiteRunnerWorker.java:86)
	at org.testng.TestNG.runSuitesSequentially(TestNG.java:1301)
	at org.testng.TestNG.runSuitesLocally(TestNG.java:1226)
	at org.testng.TestNG.runSuites(TestNG.java:1144)
	at org.testng.TestNG.run(TestNG.java:1115)
	at org.testng.remote.AbstractRemoteTestNG.run(AbstractRemoteTestNG.java:132)
	at org.testng.remote.RemoteTestNG.initAndRun(RemoteTestNG.java:230)
	at org.testng.remote.RemoteTestNG.main(RemoteTestNG.java:76)
]]>
            </full-stacktrace>
          </exception> <!-- java.lang.AssertionError -->
          <reporter-output>
          </reporter-output>
        </test-method> <!-- getAreaValidValue -->
        <test-method status="PASS" signature="getAreaValidValue(double, double, double)[pri:0, instance:tests.task0103.Tst0301Triangle@4de8b406]" name="getAreaValidValue" duration-ms="3" started-at="2017-06-26T12:41:32Z" data-provider="dp3" finished-at="2017-06-26T12:41:32Z">
          <params>
            <param index="0">
              <value>
                <![CDATA[2]]>
              </value>
            </param>
            <param index="1">
              <value>
                <![CDATA[2]]>
              </value>
            </param>
            <param index="2">
              <value>
                <![CDATA[2]]>
              </value>
            </param>
          </params>
          <reporter-output>
          </reporter-output>
        </test-method> <!-- getAreaValidValue -->
        <test-method status="FAIL" signature="getAreaValidValue(double, double, double)[pri:0, instance:tests.task0103.Tst0301Triangle@4de8b406]" name="getAreaValidValue" duration-ms="2" started-at="2017-06-26T12:41:32Z" data-provider="dp3" finished-at="2017-06-26T12:41:32Z">
          <params>
            <param index="0">
              <value>
                <![CDATA[3]]>
              </value>
            </param>
            <param index="1">
              <value>
                <![CDATA[4]]>
              </value>
            </param>
            <param index="2">
              <value>
                <![CDATA[6]]>
              </value>
            </param>
          </params>
          <exception class="java.lang.AssertionError">
            <message>
              <![CDATA[expected [6.0] but found [3.5]]]>
            </message>
            <full-stacktrace>
              <![CDATA[java.lang.AssertionError: expected [6.0] but found [3.5]
	at org.testng.Assert.fail(Assert.java:93)
	at org.testng.Assert.failNotEquals(Assert.java:512)
	at org.testng.Assert.assertEqualsImpl(Assert.java:134)
	at org.testng.Assert.assertEquals(Assert.java:115)
	at org.testng.Assert.assertEquals(Assert.java:178)
	at tests.task0103.Tst0301Triangle.getAreaValidValue(Tst0301Triangle.java:38)
	at sun.reflect.NativeMethodAccessorImpl.invoke0(Native Method)
	at sun.reflect.NativeMethodAccessorImpl.invoke(NativeMethodAccessorImpl.java:62)
	at sun.reflect.DelegatingMethodAccessorImpl.invoke(DelegatingMethodAccessorImpl.java:43)
	at java.lang.reflect.Method.invoke(Method.java:498)
	at org.testng.internal.MethodInvocationHelper.invokeMethod(MethodInvocationHelper.java:108)
	at org.testng.internal.Invoker.invokeMethod(Invoker.java:661)
	at org.testng.internal.Invoker.invokeTestMethod(Invoker.java:869)
	at org.testng.internal.Invoker.invokeTestMethods(Invoker.java:1193)
	at org.testng.internal.TestMethodWorker.invokeTestMethods(TestMethodWorker.java:126)
	at org.testng.internal.TestMethodWorker.run(TestMethodWorker.java:109)
	at org.testng.TestRunner.privateRun(TestRunner.java:744)
	at org.testng.TestRunner.run(TestRunner.java:602)
	at org.testng.SuiteRunner.runTest(SuiteRunner.java:380)
	at org.testng.SuiteRunner.runSequentially(SuiteRunner.java:375)
	at org.testng.SuiteRunner.privateRun(SuiteRunner.java:340)
	at org.testng.SuiteRunner.run(SuiteRunner.java:289)
	at org.testng.SuiteRunnerWorker.runSuite(SuiteRunnerWorker.java:52)
	at org.testng.SuiteRunnerWorker.run(SuiteRunnerWorker.java:86)
	at org.testng.TestNG.runSuitesSequentially(TestNG.java:1301)
	at org.testng.TestNG.runSuitesLocally(TestNG.java:1226)
	at org.testng.TestNG.runSuites(TestNG.java:1144)
	at org.testng.TestNG.run(TestNG.java:1115)
	at org.testng.remote.AbstractRemoteTestNG.run(AbstractRemoteTestNG.java:132)
	at org.testng.remote.RemoteTestNG.initAndRun(RemoteTestNG.java:230)
	at org.testng.remote.RemoteTestNG.main(RemoteTestNG.java:76)
]]>
            </full-stacktrace>
          </exception> <!-- java.lang.AssertionError -->
          <reporter-output>
          </reporter-output>
        </test-method> <!-- getAreaValidValue -->
        <test-method status="PASS" signature="getPerimeterValidValue(double, double, double)[pri:0, instance:tests.task0103.Tst0301Triangle@4de8b406]" name="getPerimeterValidValue" duration-ms="1" started-at="2017-06-26T12:41:32Z" data-provider="dp4" finished-at="2017-06-26T12:41:32Z">
          <params>
            <param index="0">
              <value>
                <![CDATA[1.0]]>
              </value>
            </param>
            <param index="1">
              <value>
                <![CDATA[1.0]]>
              </value>
            </param>
            <param index="2">
              <value>
                <![CDATA[3.414213562373095]]>
              </value>
            </param>
          </params>
          <reporter-output>
          </reporter-output>
        </test-method> <!-- getPerimeterValidValue -->
        <test-method status="PASS" signature="getPerimeterValidValue(double, double, double)[pri:0, instance:tests.task0103.Tst0301Triangle@4de8b406]" name="getPerimeterValidValue" duration-ms="3" started-at="2017-06-26T12:41:32Z" data-provider="dp4" finished-at="2017-06-26T12:41:32Z">
          <params>
            <param index="0">
              <value>
                <![CDATA[2.5]]>
              </value>
            </param>
            <param index="1">
              <value>
                <![CDATA[2.5]]>
              </value>
            </param>
            <param index="2">
              <value>
                <![CDATA[8.535533905932738]]>
              </value>
            </param>
          </params>
          <reporter-output>
          </reporter-output>
        </test-method> <!-- getPerimeterValidValue -->
        <test-method status="PASS" signature="getPerimeterValidValue(double, double, double)[pri:0, instance:tests.task0103.Tst0301Triangle@4de8b406]" name="getPerimeterValidValue" duration-ms="7" started-at="2017-06-26T12:41:32Z" data-provider="dp4" finished-at="2017-06-26T12:41:32Z">
          <params>
            <param index="0">
              <value>
                <![CDATA[3.5]]>
              </value>
            </param>
            <param index="1">
              <value>
                <![CDATA[4.5]]>
              </value>
            </param>
            <param index="2">
              <value>
                <![CDATA[13.70087712549569]]>
              </value>
            </param>
          </params>
          <reporter-output>
          </reporter-output>
        </test-method> <!-- getPerimeterValidValue -->
        <test-method status="PASS" signature="getPerimeterValidValue(double, double, double)[pri:0, instance:tests.task0103.Tst0301Triangle@4de8b406]" name="getPerimeterValidValue" duration-ms="3" started-at="2017-06-26T12:41:32Z" data-provider="dp4" finished-at="2017-06-26T12:41:32Z">
          <params>
            <param index="0">
              <value>
                <![CDATA[4.9E-324]]>
              </value>
            </param>
            <param index="1">
              <value>
                <![CDATA[4.9E-324]]>
              </value>
            </param>
            <param index="2">
              <value>
                <![CDATA[1.0E-323]]>
              </value>
            </param>
          </params>
          <reporter-output>
          </reporter-output>
        </test-method> <!-- getPerimeterValidValue -->
        <test-method status="PASS" signature="triangleIllegalArgExpIncorrectValue(double, double)[pri:0, instance:tests.task0103.Tst0301Triangle@4de8b406]" name="triangleIllegalArgExpIncorrectValue" duration-ms="2" started-at="2017-06-26T12:41:32Z" data-provider="dp1" finished-at="2017-06-26T12:41:32Z">
          <params>
            <param index="0">
              <value>
                <![CDATA[0]]>
              </value>
            </param>
            <param index="1">
              <value>
                <![CDATA[0]]>
              </value>
            </param>
          </params>
          <exception class="java.lang.IllegalArgumentException">
            <message>
              <![CDATA[Parameters 'a' and 'b' must be greater than 0.]]>
            </message>
            <full-stacktrace>
              <![CDATA[java.lang.IllegalArgumentException: Parameters 'a' and 'b' must be greater than 0.
	at tests.task0103.Tst0301Triangle.triangleIllegalArgExpIncorrectValue(Tst0301Triangle.java:19)
	at sun.reflect.NativeMethodAccessorImpl.invoke0(Native Method)
	at sun.reflect.NativeMethodAccessorImpl.invoke(NativeMethodAccessorImpl.java:62)
	at sun.reflect.DelegatingMethodAccessorImpl.invoke(DelegatingMethodAccessorImpl.java:43)
	at java.lang.reflect.Method.invoke(Method.java:498)
	at org.testng.internal.MethodInvocationHelper.invokeMethod(MethodInvocationHelper.java:108)
	at org.testng.internal.Invoker.invokeMethod(Invoker.java:661)
	at org.testng.internal.Invoker.invokeTestMethod(Invoker.java:869)
	at org.testng.internal.Invoker.invokeTestMethods(Invoker.java:1193)
	at org.testng.internal.TestMethodWorker.invokeTestMethods(TestMethodWorker.java:126)
	at org.testng.internal.TestMethodWorker.run(TestMethodWorker.java:109)
	at org.testng.TestRunner.privateRun(TestRunner.java:744)
	at org.testng.TestRunner.run(TestRunner.java:602)
	at org.testng.SuiteRunner.runTest(SuiteRunner.java:380)
	at org.testng.SuiteRunner.runSequentially(SuiteRunner.java:375)
	at org.testng.SuiteRunner.privateRun(SuiteRunner.java:340)
	at org.testng.SuiteRunner.run(SuiteRunner.java:289)
	at org.testng.SuiteRunnerWorker.runSuite(SuiteRunnerWorker.java:52)
	at org.testng.SuiteRunnerWorker.run(SuiteRunnerWorker.java:86)
	at org.testng.TestNG.runSuitesSequentially(TestNG.java:1301)
	at org.testng.TestNG.runSuitesLocally(TestNG.java:1226)
	at org.testng.TestNG.runSuites(TestNG.java:1144)
	at org.testng.TestNG.run(TestNG.java:1115)
	at org.testng.remote.AbstractRemoteTestNG.run(AbstractRemoteTestNG.java:132)
	at org.testng.remote.RemoteTestNG.initAndRun(RemoteTestNG.java:230)
	at org.testng.remote.RemoteTestNG.main(RemoteTestNG.java:76)
]]>
            </full-stacktrace>
          </exception> <!-- java.lang.IllegalArgumentException -->
          <reporter-output>
          </reporter-output>
        </test-method> <!-- triangleIllegalArgExpIncorrectValue -->
        <test-method status="PASS" signature="triangleIllegalArgExpIncorrectValue(double, double)[pri:0, instance:tests.task0103.Tst0301Triangle@4de8b406]" name="triangleIllegalArgExpIncorrectValue" duration-ms="1" started-at="2017-06-26T12:41:32Z" data-provider="dp1" finished-at="2017-06-26T12:41:32Z">
          <params>
            <param index="0">
              <value>
                <![CDATA[-1]]>
              </value>
            </param>
            <param index="1">
              <value>
                <![CDATA[-1]]>
              </value>
            </param>
          </params>
          <exception class="java.lang.IllegalArgumentException">
            <message>
              <![CDATA[Parameters 'a' and 'b' must be greater than 0.]]>
            </message>
            <full-stacktrace>
              <![CDATA[java.lang.IllegalArgumentException: Parameters 'a' and 'b' must be greater than 0.
	at tests.task0103.Tst0301Triangle.triangleIllegalArgExpIncorrectValue(Tst0301Triangle.java:19)
	at sun.reflect.NativeMethodAccessorImpl.invoke0(Native Method)
	at sun.reflect.NativeMethodAccessorImpl.invoke(NativeMethodAccessorImpl.java:62)
	at sun.reflect.DelegatingMethodAccessorImpl.invoke(DelegatingMethodAccessorImpl.java:43)
	at java.lang.reflect.Method.invoke(Method.java:498)
	at org.testng.internal.MethodInvocationHelper.invokeMethod(MethodInvocationHelper.java:108)
	at org.testng.internal.Invoker.invokeMethod(Invoker.java:661)
	at org.testng.internal.Invoker.invokeTestMethod(Invoker.java:869)
	at org.testng.internal.Invoker.invokeTestMethods(Invoker.java:1193)
	at org.testng.internal.TestMethodWorker.invokeTestMethods(TestMethodWorker.java:126)
	at org.testng.internal.TestMethodWorker.run(TestMethodWorker.java:109)
	at org.testng.TestRunner.privateRun(TestRunner.java:744)
	at org.testng.TestRunner.run(TestRunner.java:602)
	at org.testng.SuiteRunner.runTest(SuiteRunner.java:380)
	at org.testng.SuiteRunner.runSequentially(SuiteRunner.java:375)
	at org.testng.SuiteRunner.privateRun(SuiteRunner.java:340)
	at org.testng.SuiteRunner.run(SuiteRunner.java:289)
	at org.testng.SuiteRunnerWorker.runSuite(SuiteRunnerWorker.java:52)
	at org.testng.SuiteRunnerWorker.run(SuiteRunnerWorker.java:86)
	at org.testng.TestNG.runSuitesSequentially(TestNG.java:1301)
	at org.testng.TestNG.runSuitesLocally(TestNG.java:1226)
	at org.testng.TestNG.runSuites(TestNG.java:1144)
	at org.testng.TestNG.run(TestNG.java:1115)
	at org.testng.remote.AbstractRemoteTestNG.run(AbstractRemoteTestNG.java:132)
	at org.testng.remote.RemoteTestNG.initAndRun(RemoteTestNG.java:230)
	at org.testng.remote.RemoteTestNG.main(RemoteTestNG.java:76)
]]>
            </full-stacktrace>
          </exception> <!-- java.lang.IllegalArgumentException -->
          <reporter-output>
          </reporter-output>
        </test-method> <!-- triangleIllegalArgExpIncorrectValue -->
        <test-method status="PASS" signature="triangleIllegalArgExpIncorrectValue(double, double)[pri:0, instance:tests.task0103.Tst0301Triangle@4de8b406]" name="triangleIllegalArgExpIncorrectValue" duration-ms="3" started-at="2017-06-26T12:41:32Z" data-provider="dp1" finished-at="2017-06-26T12:41:32Z">
          <params>
            <param index="0">
              <value>
                <![CDATA[0]]>
              </value>
            </param>
            <param index="1">
              <value>
                <![CDATA[-1]]>
              </value>
            </param>
          </params>
          <exception class="java.lang.IllegalArgumentException">
            <message>
              <![CDATA[Parameters 'a' and 'b' must be greater than 0.]]>
            </message>
            <full-stacktrace>
              <![CDATA[java.lang.IllegalArgumentException: Parameters 'a' and 'b' must be greater than 0.
	at tests.task0103.Tst0301Triangle.triangleIllegalArgExpIncorrectValue(Tst0301Triangle.java:19)
	at sun.reflect.NativeMethodAccessorImpl.invoke0(Native Method)
	at sun.reflect.NativeMethodAccessorImpl.invoke(NativeMethodAccessorImpl.java:62)
	at sun.reflect.DelegatingMethodAccessorImpl.invoke(DelegatingMethodAccessorImpl.java:43)
	at java.lang.reflect.Method.invoke(Method.java:498)
	at org.testng.internal.MethodInvocationHelper.invokeMethod(MethodInvocationHelper.java:108)
	at org.testng.internal.Invoker.invokeMethod(Invoker.java:661)
	at org.testng.internal.Invoker.invokeTestMethod(Invoker.java:869)
	at org.testng.internal.Invoker.invokeTestMethods(Invoker.java:1193)
	at org.testng.internal.TestMethodWorker.invokeTestMethods(TestMethodWorker.java:126)
	at org.testng.internal.TestMethodWorker.run(TestMethodWorker.java:109)
	at org.testng.TestRunner.privateRun(TestRunner.java:744)
	at org.testng.TestRunner.run(TestRunner.java:602)
	at org.testng.SuiteRunner.runTest(SuiteRunner.java:380)
	at org.testng.SuiteRunner.runSequentially(SuiteRunner.java:375)
	at org.testng.SuiteRunner.privateRun(SuiteRunner.java:340)
	at org.testng.SuiteRunner.run(SuiteRunner.java:289)
	at org.testng.SuiteRunnerWorker.runSuite(SuiteRunnerWorker.java:52)
	at org.testng.SuiteRunnerWorker.run(SuiteRunnerWorker.java:86)
	at org.testng.TestNG.runSuitesSequentially(TestNG.java:1301)
	at org.testng.TestNG.runSuitesLocally(TestNG.java:1226)
	at org.testng.TestNG.runSuites(TestNG.java:1144)
	at org.testng.TestNG.run(TestNG.java:1115)
	at org.testng.remote.AbstractRemoteTestNG.run(AbstractRemoteTestNG.java:132)
	at org.testng.remote.RemoteTestNG.initAndRun(RemoteTestNG.java:230)
	at org.testng.remote.RemoteTestNG.main(RemoteTestNG.java:76)
]]>
            </full-stacktrace>
          </exception> <!-- java.lang.IllegalArgumentException -->
          <reporter-output>
          </reporter-output>
        </test-method> <!-- triangleIllegalArgExpIncorrectValue -->
        <test-method status="PASS" signature="triangleIllegalArgExpIncorrectValue(double, double)[pri:0, instance:tests.task0103.Tst0301Triangle@4de8b406]" name="triangleIllegalArgExpIncorrectValue" duration-ms="2" started-at="2017-06-26T12:41:32Z" data-provider="dp1" finished-at="2017-06-26T12:41:32Z">
          <params>
            <param index="0">
              <value>
                <![CDATA[-1]]>
              </value>
            </param>
            <param index="1">
              <value>
                <![CDATA[0]]>
              </value>
            </param>
          </params>
          <exception class="java.lang.IllegalArgumentException">
            <message>
              <![CDATA[Parameters 'a' and 'b' must be greater than 0.]]>
            </message>
            <full-stacktrace>
              <![CDATA[java.lang.IllegalArgumentException: Parameters 'a' and 'b' must be greater than 0.
	at tests.task0103.Tst0301Triangle.triangleIllegalArgExpIncorrectValue(Tst0301Triangle.java:19)
	at sun.reflect.NativeMethodAccessorImpl.invoke0(Native Method)
	at sun.reflect.NativeMethodAccessorImpl.invoke(NativeMethodAccessorImpl.java:62)
	at sun.reflect.DelegatingMethodAccessorImpl.invoke(DelegatingMethodAccessorImpl.java:43)
	at java.lang.reflect.Method.invoke(Method.java:498)
	at org.testng.internal.MethodInvocationHelper.invokeMethod(MethodInvocationHelper.java:108)
	at org.testng.internal.Invoker.invokeMethod(Invoker.java:661)
	at org.testng.internal.Invoker.invokeTestMethod(Invoker.java:869)
	at org.testng.internal.Invoker.invokeTestMethods(Invoker.java:1193)
	at org.testng.internal.TestMethodWorker.invokeTestMethods(TestMethodWorker.java:126)
	at org.testng.internal.TestMethodWorker.run(TestMethodWorker.java:109)
	at org.testng.TestRunner.privateRun(TestRunner.java:744)
	at org.testng.TestRunner.run(TestRunner.java:602)
	at org.testng.SuiteRunner.runTest(SuiteRunner.java:380)
	at org.testng.SuiteRunner.runSequentially(SuiteRunner.java:375)
	at org.testng.SuiteRunner.privateRun(SuiteRunner.java:340)
	at org.testng.SuiteRunner.run(SuiteRunner.java:289)
	at org.testng.SuiteRunnerWorker.runSuite(SuiteRunnerWorker.java:52)
	at org.testng.SuiteRunnerWorker.run(SuiteRunnerWorker.java:86)
	at org.testng.TestNG.runSuitesSequentially(TestNG.java:1301)
	at org.testng.TestNG.runSuitesLocally(TestNG.java:1226)
	at org.testng.TestNG.runSuites(TestNG.java:1144)
	at org.testng.TestNG.run(TestNG.java:1115)
	at org.testng.remote.AbstractRemoteTestNG.run(AbstractRemoteTestNG.java:132)
	at org.testng.remote.RemoteTestNG.initAndRun(RemoteTestNG.java:230)
	at org.testng.remote.RemoteTestNG.main(RemoteTestNG.java:76)
]]>
            </full-stacktrace>
          </exception> <!-- java.lang.IllegalArgumentException -->
          <reporter-output>
          </reporter-output>
        </test-method> <!-- triangleIllegalArgExpIncorrectValue -->
        <test-method status="PASS" signature="triangleIllegalArgExpIncorrectValue(double, double)[pri:0, instance:tests.task0103.Tst0301Triangle@4de8b406]" name="triangleIllegalArgExpIncorrectValue" duration-ms="3" started-at="2017-06-26T12:41:32Z" data-provider="dp1" finished-at="2017-06-26T12:41:32Z">
          <params>
            <param index="0">
              <value>
                <![CDATA[0.1]]>
              </value>
            </param>
            <param index="1">
              <value>
                <![CDATA[-1]]>
              </value>
            </param>
          </params>
          <exception class="java.lang.IllegalArgumentException">
            <message>
              <![CDATA[Parameters 'a' and 'b' must be greater than 0.]]>
            </message>
            <full-stacktrace>
              <![CDATA[java.lang.IllegalArgumentException: Parameters 'a' and 'b' must be greater than 0.
	at tests.task0103.Tst0301Triangle.triangleIllegalArgExpIncorrectValue(Tst0301Triangle.java:19)
	at sun.reflect.NativeMethodAccessorImpl.invoke0(Native Method)
	at sun.reflect.NativeMethodAccessorImpl.invoke(NativeMethodAccessorImpl.java:62)
	at sun.reflect.DelegatingMethodAccessorImpl.invoke(DelegatingMethodAccessorImpl.java:43)
	at java.lang.reflect.Method.invoke(Method.java:498)
	at org.testng.internal.MethodInvocationHelper.invokeMethod(MethodInvocationHelper.java:108)
	at org.testng.internal.Invoker.invokeMethod(Invoker.java:661)
	at org.testng.internal.Invoker.invokeTestMethod(Invoker.java:869)
	at org.testng.internal.Invoker.invokeTestMethods(Invoker.java:1193)
	at org.testng.internal.TestMethodWorker.invokeTestMethods(TestMethodWorker.java:126)
	at org.testng.internal.TestMethodWorker.run(TestMethodWorker.java:109)
	at org.testng.TestRunner.privateRun(TestRunner.java:744)
	at org.testng.TestRunner.run(TestRunner.java:602)
	at org.testng.SuiteRunner.runTest(SuiteRunner.java:380)
	at org.testng.SuiteRunner.runSequentially(SuiteRunner.java:375)
	at org.testng.SuiteRunner.privateRun(SuiteRunner.java:340)
	at org.testng.SuiteRunner.run(SuiteRunner.java:289)
	at org.testng.SuiteRunnerWorker.runSuite(SuiteRunnerWorker.java:52)
	at org.testng.SuiteRunnerWorker.run(SuiteRunnerWorker.java:86)
	at org.testng.TestNG.runSuitesSequentially(TestNG.java:1301)
	at org.testng.TestNG.runSuitesLocally(TestNG.java:1226)
	at org.testng.TestNG.runSuites(TestNG.java:1144)
	at org.testng.TestNG.run(TestNG.java:1115)
	at org.testng.remote.AbstractRemoteTestNG.run(AbstractRemoteTestNG.java:132)
	at org.testng.remote.RemoteTestNG.initAndRun(RemoteTestNG.java:230)
	at org.testng.remote.RemoteTestNG.main(RemoteTestNG.java:76)
]]>
            </full-stacktrace>
          </exception> <!-- java.lang.IllegalArgumentException -->
          <reporter-output>
          </reporter-output>
        </test-method> <!-- triangleIllegalArgExpIncorrectValue -->
        <test-method status="PASS" signature="triangleIllegalArgExpIncorrectValue(double, double)[pri:0, instance:tests.task0103.Tst0301Triangle@4de8b406]" name="triangleIllegalArgExpIncorrectValue" duration-ms="1" started-at="2017-06-26T12:41:32Z" data-provider="dp1" finished-at="2017-06-26T12:41:32Z">
          <params>
            <param index="0">
              <value>
                <![CDATA[-1]]>
              </value>
            </param>
            <param index="1">
              <value>
                <![CDATA[0.1]]>
              </value>
            </param>
          </params>
          <exception class="java.lang.IllegalArgumentException">
            <message>
              <![CDATA[Parameters 'a' and 'b' must be greater than 0.]]>
            </message>
            <full-stacktrace>
              <![CDATA[java.lang.IllegalArgumentException: Parameters 'a' and 'b' must be greater than 0.
	at tests.task0103.Tst0301Triangle.triangleIllegalArgExpIncorrectValue(Tst0301Triangle.java:19)
	at sun.reflect.NativeMethodAccessorImpl.invoke0(Native Method)
	at sun.reflect.NativeMethodAccessorImpl.invoke(NativeMethodAccessorImpl.java:62)
	at sun.reflect.DelegatingMethodAccessorImpl.invoke(DelegatingMethodAccessorImpl.java:43)
	at java.lang.reflect.Method.invoke(Method.java:498)
	at org.testng.internal.MethodInvocationHelper.invokeMethod(MethodInvocationHelper.java:108)
	at org.testng.internal.Invoker.invokeMethod(Invoker.java:661)
	at org.testng.internal.Invoker.invokeTestMethod(Invoker.java:869)
	at org.testng.internal.Invoker.invokeTestMethods(Invoker.java:1193)
	at org.testng.internal.TestMethodWorker.invokeTestMethods(TestMethodWorker.java:126)
	at org.testng.internal.TestMethodWorker.run(TestMethodWorker.java:109)
	at org.testng.TestRunner.privateRun(TestRunner.java:744)
	at org.testng.TestRunner.run(TestRunner.java:602)
	at org.testng.SuiteRunner.runTest(SuiteRunner.java:380)
	at org.testng.SuiteRunner.runSequentially(SuiteRunner.java:375)
	at org.testng.SuiteRunner.privateRun(SuiteRunner.java:340)
	at org.testng.SuiteRunner.run(SuiteRunner.java:289)
	at org.testng.SuiteRunnerWorker.runSuite(SuiteRunnerWorker.java:52)
	at org.testng.SuiteRunnerWorker.run(SuiteRunnerWorker.java:86)
	at org.testng.TestNG.runSuitesSequentially(TestNG.java:1301)
	at org.testng.TestNG.runSuitesLocally(TestNG.java:1226)
	at org.testng.TestNG.runSuites(TestNG.java:1144)
	at org.testng.TestNG.run(TestNG.java:1115)
	at org.testng.remote.AbstractRemoteTestNG.run(AbstractRemoteTestNG.java:132)
	at org.testng.remote.RemoteTestNG.initAndRun(RemoteTestNG.java:230)
	at org.testng.remote.RemoteTestNG.main(RemoteTestNG.java:76)
]]>
            </full-stacktrace>
          </exception> <!-- java.lang.IllegalArgumentException -->
          <reporter-output>
          </reporter-output>
        </test-method> <!-- triangleIllegalArgExpIncorrectValue -->
        <test-method status="PASS" signature="triangleIllegalArgExpIncorrectValue(double, double)[pri:0, instance:tests.task0103.Tst0301Triangle@4de8b406]" name="triangleIllegalArgExpIncorrectValue" duration-ms="3" started-at="2017-06-26T12:41:32Z" data-provider="dp1" finished-at="2017-06-26T12:41:32Z">
          <params>
            <param index="0">
              <value>
                <![CDATA[-1.1]]>
              </value>
            </param>
            <param index="1">
              <value>
                <![CDATA[-1.1]]>
              </value>
            </param>
          </params>
          <exception class="java.lang.IllegalArgumentException">
            <message>
              <![CDATA[Parameters 'a' and 'b' must be greater than 0.]]>
            </message>
            <full-stacktrace>
              <![CDATA[java.lang.IllegalArgumentException: Parameters 'a' and 'b' must be greater than 0.
	at tests.task0103.Tst0301Triangle.triangleIllegalArgExpIncorrectValue(Tst0301Triangle.java:19)
	at sun.reflect.NativeMethodAccessorImpl.invoke0(Native Method)
	at sun.reflect.NativeMethodAccessorImpl.invoke(NativeMethodAccessorImpl.java:62)
	at sun.reflect.DelegatingMethodAccessorImpl.invoke(DelegatingMethodAccessorImpl.java:43)
	at java.lang.reflect.Method.invoke(Method.java:498)
	at org.testng.internal.MethodInvocationHelper.invokeMethod(MethodInvocationHelper.java:108)
	at org.testng.internal.Invoker.invokeMethod(Invoker.java:661)
	at org.testng.internal.Invoker.invokeTestMethod(Invoker.java:869)
	at org.testng.internal.Invoker.invokeTestMethods(Invoker.java:1193)
	at org.testng.internal.TestMethodWorker.invokeTestMethods(TestMethodWorker.java:126)
	at org.testng.internal.TestMethodWorker.run(TestMethodWorker.java:109)
	at org.testng.TestRunner.privateRun(TestRunner.java:744)
	at org.testng.TestRunner.run(TestRunner.java:602)
	at org.testng.SuiteRunner.runTest(SuiteRunner.java:380)
	at org.testng.SuiteRunner.runSequentially(SuiteRunner.java:375)
	at org.testng.SuiteRunner.privateRun(SuiteRunner.java:340)
	at org.testng.SuiteRunner.run(SuiteRunner.java:289)
	at org.testng.SuiteRunnerWorker.runSuite(SuiteRunnerWorker.java:52)
	at org.testng.SuiteRunnerWorker.run(SuiteRunnerWorker.java:86)
	at org.testng.TestNG.runSuitesSequentially(TestNG.java:1301)
	at org.testng.TestNG.runSuitesLocally(TestNG.java:1226)
	at org.testng.TestNG.runSuites(TestNG.java:1144)
	at org.testng.TestNG.run(TestNG.java:1115)
	at org.testng.remote.AbstractRemoteTestNG.run(AbstractRemoteTestNG.java:132)
	at org.testng.remote.RemoteTestNG.initAndRun(RemoteTestNG.java:230)
	at org.testng.remote.RemoteTestNG.main(RemoteTestNG.java:76)
]]>
            </full-stacktrace>
          </exception> <!-- java.lang.IllegalArgumentException -->
          <reporter-output>
          </reporter-output>
        </test-method> <!-- triangleIllegalArgExpIncorrectValue -->
        <test-method status="PASS" signature="triangleIllegalArgExpIncorrectValue(double, double)[pri:0, instance:tests.task0103.Tst0301Triangle@4de8b406]" name="triangleIllegalArgExpIncorrectValue" duration-ms="3" started-at="2017-06-26T12:41:32Z" data-provider="dp1" finished-at="2017-06-26T12:41:32Z">
          <params>
            <param index="0">
              <value>
                <![CDATA[-4.9E-324]]>
              </value>
            </param>
            <param index="1">
              <value>
                <![CDATA[-1]]>
              </value>
            </param>
          </params>
          <exception class="java.lang.IllegalArgumentException">
            <message>
              <![CDATA[Parameters 'a' and 'b' must be greater than 0.]]>
            </message>
            <full-stacktrace>
              <![CDATA[java.lang.IllegalArgumentException: Parameters 'a' and 'b' must be greater than 0.
	at tests.task0103.Tst0301Triangle.triangleIllegalArgExpIncorrectValue(Tst0301Triangle.java:19)
	at sun.reflect.NativeMethodAccessorImpl.invoke0(Native Method)
	at sun.reflect.NativeMethodAccessorImpl.invoke(NativeMethodAccessorImpl.java:62)
	at sun.reflect.DelegatingMethodAccessorImpl.invoke(DelegatingMethodAccessorImpl.java:43)
	at java.lang.reflect.Method.invoke(Method.java:498)
	at org.testng.internal.MethodInvocationHelper.invokeMethod(MethodInvocationHelper.java:108)
	at org.testng.internal.Invoker.invokeMethod(Invoker.java:661)
	at org.testng.internal.Invoker.invokeTestMethod(Invoker.java:869)
	at org.testng.internal.Invoker.invokeTestMethods(Invoker.java:1193)
	at org.testng.internal.TestMethodWorker.invokeTestMethods(TestMethodWorker.java:126)
	at org.testng.internal.TestMethodWorker.run(TestMethodWorker.java:109)
	at org.testng.TestRunner.privateRun(TestRunner.java:744)
	at org.testng.TestRunner.run(TestRunner.java:602)
	at org.testng.SuiteRunner.runTest(SuiteRunner.java:380)
	at org.testng.SuiteRunner.runSequentially(SuiteRunner.java:375)
	at org.testng.SuiteRunner.privateRun(SuiteRunner.java:340)
	at org.testng.SuiteRunner.run(SuiteRunner.java:289)
	at org.testng.SuiteRunnerWorker.runSuite(SuiteRunnerWorker.java:52)
	at org.testng.SuiteRunnerWorker.run(SuiteRunnerWorker.java:86)
	at org.testng.TestNG.runSuitesSequentially(TestNG.java:1301)
	at org.testng.TestNG.runSuitesLocally(TestNG.java:1226)
	at org.testng.TestNG.runSuites(TestNG.java:1144)
	at org.testng.TestNG.run(TestNG.java:1115)
	at org.testng.remote.AbstractRemoteTestNG.run(AbstractRemoteTestNG.java:132)
	at org.testng.remote.RemoteTestNG.initAndRun(RemoteTestNG.java:230)
	at org.testng.remote.RemoteTestNG.main(RemoteTestNG.java:76)
]]>
            </full-stacktrace>
          </exception> <!-- java.lang.IllegalArgumentException -->
          <reporter-output>
          </reporter-output>
        </test-method> <!-- triangleIllegalArgExpIncorrectValue -->
        <test-method status="PASS" signature="triangleIllegalArgExpIncorrectValue(double, double)[pri:0, instance:tests.task0103.Tst0301Triangle@4de8b406]" name="triangleIllegalArgExpIncorrectValue" duration-ms="5" started-at="2017-06-26T12:41:32Z" data-provider="dp1" finished-at="2017-06-26T12:41:32Z">
          <params>
            <param index="0">
              <value>
                <![CDATA[-4.9E-324]]>
              </value>
            </param>
            <param index="1">
              <value>
                <![CDATA[-4.9E-324]]>
              </value>
            </param>
          </params>
          <exception class="java.lang.IllegalArgumentException">
            <message>
              <![CDATA[Parameters 'a' and 'b' must be greater than 0.]]>
            </message>
            <full-stacktrace>
              <![CDATA[java.lang.IllegalArgumentException: Parameters 'a' and 'b' must be greater than 0.
	at tests.task0103.Tst0301Triangle.triangleIllegalArgExpIncorrectValue(Tst0301Triangle.java:19)
	at sun.reflect.NativeMethodAccessorImpl.invoke0(Native Method)
	at sun.reflect.NativeMethodAccessorImpl.invoke(NativeMethodAccessorImpl.java:62)
	at sun.reflect.DelegatingMethodAccessorImpl.invoke(DelegatingMethodAccessorImpl.java:43)
	at java.lang.reflect.Method.invoke(Method.java:498)
	at org.testng.internal.MethodInvocationHelper.invokeMethod(MethodInvocationHelper.java:108)
	at org.testng.internal.Invoker.invokeMethod(Invoker.java:661)
	at org.testng.internal.Invoker.invokeTestMethod(Invoker.java:869)
	at org.testng.internal.Invoker.invokeTestMethods(Invoker.java:1193)
	at org.testng.internal.TestMethodWorker.invokeTestMethods(TestMethodWorker.java:126)
	at org.testng.internal.TestMethodWorker.run(TestMethodWorker.java:109)
	at org.testng.TestRunner.privateRun(TestRunner.java:744)
	at org.testng.TestRunner.run(TestRunner.java:602)
	at org.testng.SuiteRunner.runTest(SuiteRunner.java:380)
	at org.testng.SuiteRunner.runSequentially(SuiteRunner.java:375)
	at org.testng.SuiteRunner.privateRun(SuiteRunner.java:340)
	at org.testng.SuiteRunner.run(SuiteRunner.java:289)
	at org.testng.SuiteRunnerWorker.runSuite(SuiteRunnerWorker.java:52)
	at org.testng.SuiteRunnerWorker.run(SuiteRunnerWorker.java:86)
	at org.testng.TestNG.runSuitesSequentially(TestNG.java:1301)
	at org.testng.TestNG.runSuitesLocally(TestNG.java:1226)
	at org.testng.TestNG.runSuites(TestNG.java:1144)
	at org.testng.TestNG.run(TestNG.java:1115)
	at org.testng.remote.AbstractRemoteTestNG.run(AbstractRemoteTestNG.java:132)
	at org.testng.remote.RemoteTestNG.initAndRun(RemoteTestNG.java:230)
	at org.testng.remote.RemoteTestNG.main(RemoteTestNG.java:76)
]]>
            </full-stacktrace>
          </exception> <!-- java.lang.IllegalArgumentException -->
          <reporter-output>
          </reporter-output>
        </test-method> <!-- triangleIllegalArgExpIncorrectValue -->
        <test-method status="PASS" signature="triangleIllegalArgExpValidValue(double, double)[pri:0, instance:tests.task0103.Tst0301Triangle@4de8b406]" name="triangleIllegalArgExpValidValue" duration-ms="8" started-at="2017-06-26T12:41:32Z" data-provider="dp2" finished-at="2017-06-26T12:41:32Z">
          <params>
            <param index="0">
              <value>
                <![CDATA[1.7976931348623157E308]]>
              </value>
            </param>
            <param index="1">
              <value>
                <![CDATA[1.7976931348623157E308]]>
              </value>
            </param>
          </params>
          <reporter-output>
          </reporter-output>
        </test-method> <!-- triangleIllegalArgExpValidValue -->
        <test-method status="PASS" signature="triangleIllegalArgExpValidValue(double, double)[pri:0, instance:tests.task0103.Tst0301Triangle@4de8b406]" name="triangleIllegalArgExpValidValue" duration-ms="2" started-at="2017-06-26T12:41:32Z" data-provider="dp2" finished-at="2017-06-26T12:41:32Z">
          <params>
            <param index="0">
              <value>
                <![CDATA[0.1]]>
              </value>
            </param>
            <param index="1">
              <value>
                <![CDATA[0.1]]>
              </value>
            </param>
          </params>
          <reporter-output>
          </reporter-output>
        </test-method> <!-- triangleIllegalArgExpValidValue -->
      </class> <!-- tests.task0103.Tst0301Triangle -->
      <class name="tests.task0104.Tst0401IsPointInArea">
        <test-method status="PASS" signature="isPointInArea_ValidValuesInArea(double, double, boolean)[pri:0, instance:tests.task0104.Tst0401IsPointInArea@3c756e4d]" name="isPointInArea_ValidValuesInArea" duration-ms="21" started-at="2017-06-26T12:41:32Z" data-provider="dp1" finished-at="2017-06-26T12:41:32Z">
          <params>
            <param index="0">
              <value>
                <![CDATA[1.0]]>
              </value>
            </param>
            <param index="1">
              <value>
                <![CDATA[1.0]]>
              </value>
            </param>
            <param index="2">
              <value>
                <![CDATA[true]]>
              </value>
            </param>
          </params>
          <reporter-output>
          </reporter-output>
        </test-method> <!-- isPointInArea_ValidValuesInArea -->
        <test-method status="PASS" signature="isPointInArea_ValidValuesInArea(double, double, boolean)[pri:0, instance:tests.task0104.Tst0401IsPointInArea@3c756e4d]" name="isPointInArea_ValidValuesInArea" duration-ms="1" started-at="2017-06-26T12:41:32Z" data-provider="dp1" finished-at="2017-06-26T12:41:32Z">
          <params>
            <param index="0">
              <value>
                <![CDATA[-1.0]]>
              </value>
            </param>
            <param index="1">
              <value>
                <![CDATA[1.0]]>
              </value>
            </param>
            <param index="2">
              <value>
                <![CDATA[true]]>
              </value>
            </param>
          </params>
          <reporter-output>
          </reporter-output>
        </test-method> <!-- isPointInArea_ValidValuesInArea -->
        <test-method status="PASS" signature="isPointInArea_ValidValuesInArea(double, double, boolean)[pri:0, instance:tests.task0104.Tst0401IsPointInArea@3c756e4d]" name="isPointInArea_ValidValuesInArea" duration-ms="0" started-at="2017-06-26T12:41:32Z" data-provider="dp1" finished-at="2017-06-26T12:41:32Z">
          <params>
            <param index="0">
              <value>
                <![CDATA[-1.0]]>
              </value>
            </param>
            <param index="1">
              <value>
                <![CDATA[-1.0]]>
              </value>
            </param>
            <param index="2">
              <value>
                <![CDATA[true]]>
              </value>
            </param>
          </params>
          <reporter-output>
          </reporter-output>
        </test-method> <!-- isPointInArea_ValidValuesInArea -->
        <test-method status="PASS" signature="isPointInArea_ValidValuesInArea(double, double, boolean)[pri:0, instance:tests.task0104.Tst0401IsPointInArea@3c756e4d]" name="isPointInArea_ValidValuesInArea" duration-ms="1" started-at="2017-06-26T12:41:32Z" data-provider="dp1" finished-at="2017-06-26T12:41:32Z">
          <params>
            <param index="0">
              <value>
                <![CDATA[1.0]]>
              </value>
            </param>
            <param index="1">
              <value>
                <![CDATA[-1.0]]>
              </value>
            </param>
            <param index="2">
              <value>
                <![CDATA[true]]>
              </value>
            </param>
          </params>
          <reporter-output>
          </reporter-output>
        </test-method> <!-- isPointInArea_ValidValuesInArea -->
        <test-method status="PASS" signature="isPointInArea_ValidValuesInArea(double, double, boolean)[pri:0, instance:tests.task0104.Tst0401IsPointInArea@3c756e4d]" name="isPointInArea_ValidValuesInArea" duration-ms="0" started-at="2017-06-26T12:41:32Z" data-provider="dp1" finished-at="2017-06-26T12:41:32Z">
          <params>
            <param index="0">
              <value>
                <![CDATA[0.0]]>
              </value>
            </param>
            <param index="1">
              <value>
                <![CDATA[4.0]]>
              </value>
            </param>
            <param index="2">
              <value>
                <![CDATA[true]]>
              </value>
            </param>
          </params>
          <reporter-output>
          </reporter-output>
        </test-method> <!-- isPointInArea_ValidValuesInArea -->
        <test-method status="PASS" signature="isPointInArea_ValidValuesInArea(double, double, boolean)[pri:0, instance:tests.task0104.Tst0401IsPointInArea@3c756e4d]" name="isPointInArea_ValidValuesInArea" duration-ms="0" started-at="2017-06-26T12:41:32Z" data-provider="dp1" finished-at="2017-06-26T12:41:32Z">
          <params>
            <param index="0">
              <value>
                <![CDATA[1.0]]>
              </value>
            </param>
            <param index="1">
              <value>
                <![CDATA[4.0]]>
              </value>
            </param>
            <param index="2">
              <value>
                <![CDATA[true]]>
              </value>
            </param>
          </params>
          <reporter-output>
          </reporter-output>
        </test-method> <!-- isPointInArea_ValidValuesInArea -->
        <test-method status="PASS" signature="isPointInArea_ValidValuesInArea(double, double, boolean)[pri:0, instance:tests.task0104.Tst0401IsPointInArea@3c756e4d]" name="isPointInArea_ValidValuesInArea" duration-ms="1" started-at="2017-06-26T12:41:32Z" data-provider="dp1" finished-at="2017-06-26T12:41:32Z">
          <params>
            <param index="0">
              <value>
                <![CDATA[2.0]]>
              </value>
            </param>
            <param index="1">
              <value>
                <![CDATA[4.0]]>
              </value>
            </param>
            <param index="2">
              <value>
                <![CDATA[true]]>
              </value>
            </param>
          </params>
          <reporter-output>
          </reporter-output>
        </test-method> <!-- isPointInArea_ValidValuesInArea -->
        <test-method status="PASS" signature="isPointInArea_ValidValuesInArea(double, double, boolean)[pri:0, instance:tests.task0104.Tst0401IsPointInArea@3c756e4d]" name="isPointInArea_ValidValuesInArea" duration-ms="1" started-at="2017-06-26T12:41:32Z" data-provider="dp1" finished-at="2017-06-26T12:41:32Z">
          <params>
            <param index="0">
              <value>
                <![CDATA[2.0]]>
              </value>
            </param>
            <param index="1">
              <value>
                <![CDATA[3.0]]>
              </value>
            </param>
            <param index="2">
              <value>
                <![CDATA[true]]>
              </value>
            </param>
          </params>
          <reporter-output>
          </reporter-output>
        </test-method> <!-- isPointInArea_ValidValuesInArea -->
        <test-method status="PASS" signature="isPointInArea_ValidValuesInArea(double, double, boolean)[pri:0, instance:tests.task0104.Tst0401IsPointInArea@3c756e4d]" name="isPointInArea_ValidValuesInArea" duration-ms="0" started-at="2017-06-26T12:41:32Z" data-provider="dp1" finished-at="2017-06-26T12:41:32Z">
          <params>
            <param index="0">
              <value>
                <![CDATA[2.0]]>
              </value>
            </param>
            <param index="1">
              <value>
                <![CDATA[2.0]]>
              </value>
            </param>
            <param index="2">
              <value>
                <![CDATA[true]]>
              </value>
            </param>
          </params>
          <reporter-output>
          </reporter-output>
        </test-method> <!-- isPointInArea_ValidValuesInArea -->
        <test-method status="PASS" signature="isPointInArea_ValidValuesInArea(double, double, boolean)[pri:0, instance:tests.task0104.Tst0401IsPointInArea@3c756e4d]" name="isPointInArea_ValidValuesInArea" duration-ms="1" started-at="2017-06-26T12:41:32Z" data-provider="dp1" finished-at="2017-06-26T12:41:32Z">
          <params>
            <param index="0">
              <value>
                <![CDATA[2.0]]>
              </value>
            </param>
            <param index="1">
              <value>
                <![CDATA[1.0]]>
              </value>
            </param>
            <param index="2">
              <value>
                <![CDATA[true]]>
              </value>
            </param>
          </params>
          <reporter-output>
          </reporter-output>
        </test-method> <!-- isPointInArea_ValidValuesInArea -->
        <test-method status="PASS" signature="isPointInArea_ValidValuesInArea(double, double, boolean)[pri:0, instance:tests.task0104.Tst0401IsPointInArea@3c756e4d]" name="isPointInArea_ValidValuesInArea" duration-ms="1" started-at="2017-06-26T12:41:32Z" data-provider="dp1" finished-at="2017-06-26T12:41:32Z">
          <params>
            <param index="0">
              <value>
                <![CDATA[2.0]]>
              </value>
            </param>
            <param index="1">
              <value>
                <![CDATA[0.0]]>
              </value>
            </param>
            <param index="2">
              <value>
                <![CDATA[true]]>
              </value>
            </param>
          </params>
          <reporter-output>
          </reporter-output>
        </test-method> <!-- isPointInArea_ValidValuesInArea -->
        <test-method status="PASS" signature="isPointInArea_ValidValuesInArea(double, double, boolean)[pri:0, instance:tests.task0104.Tst0401IsPointInArea@3c756e4d]" name="isPointInArea_ValidValuesInArea" duration-ms="1" started-at="2017-06-26T12:41:32Z" data-provider="dp1" finished-at="2017-06-26T12:41:32Z">
          <params>
            <param index="0">
              <value>
                <![CDATA[3.0]]>
              </value>
            </param>
            <param index="1">
              <value>
                <![CDATA[0.0]]>
              </value>
            </param>
            <param index="2">
              <value>
                <![CDATA[true]]>
              </value>
            </param>
          </params>
          <reporter-output>
          </reporter-output>
        </test-method> <!-- isPointInArea_ValidValuesInArea -->
        <test-method status="PASS" signature="isPointInArea_ValidValuesInArea(double, double, boolean)[pri:0, instance:tests.task0104.Tst0401IsPointInArea@3c756e4d]" name="isPointInArea_ValidValuesInArea" duration-ms="0" started-at="2017-06-26T12:41:32Z" data-provider="dp1" finished-at="2017-06-26T12:41:32Z">
          <params>
            <param index="0">
              <value>
                <![CDATA[4.0]]>
              </value>
            </param>
            <param index="1">
              <value>
                <![CDATA[0.0]]>
              </value>
            </param>
            <param index="2">
              <value>
                <![CDATA[true]]>
              </value>
            </param>
          </params>
          <reporter-output>
          </reporter-output>
        </test-method> <!-- isPointInArea_ValidValuesInArea -->
        <test-method status="PASS" signature="isPointInArea_ValidValuesInArea(double, double, boolean)[pri:0, instance:tests.task0104.Tst0401IsPointInArea@3c756e4d]" name="isPointInArea_ValidValuesInArea" duration-ms="1" started-at="2017-06-26T12:41:32Z" data-provider="dp1" finished-at="2017-06-26T12:41:32Z">
          <params>
            <param index="0">
              <value>
                <![CDATA[4.0]]>
              </value>
            </param>
            <param index="1">
              <value>
                <![CDATA[-1.0]]>
              </value>
            </param>
            <param index="2">
              <value>
                <![CDATA[true]]>
              </value>
            </param>
          </params>
          <reporter-output>
          </reporter-output>
        </test-method> <!-- isPointInArea_ValidValuesInArea -->
        <test-method status="PASS" signature="isPointInArea_ValidValuesInArea(double, double, boolean)[pri:0, instance:tests.task0104.Tst0401IsPointInArea@3c756e4d]" name="isPointInArea_ValidValuesInArea" duration-ms="1" started-at="2017-06-26T12:41:32Z" data-provider="dp1" finished-at="2017-06-26T12:41:32Z">
          <params>
            <param index="0">
              <value>
                <![CDATA[4.0]]>
              </value>
            </param>
            <param index="1">
              <value>
                <![CDATA[-2.0]]>
              </value>
            </param>
            <param index="2">
              <value>
                <![CDATA[true]]>
              </value>
            </param>
          </params>
          <reporter-output>
          </reporter-output>
        </test-method> <!-- isPointInArea_ValidValuesInArea -->
        <test-method status="PASS" signature="isPointInArea_ValidValuesInArea(double, double, boolean)[pri:0, instance:tests.task0104.Tst0401IsPointInArea@3c756e4d]" name="isPointInArea_ValidValuesInArea" duration-ms="1" started-at="2017-06-26T12:41:32Z" data-provider="dp1" finished-at="2017-06-26T12:41:32Z">
          <params>
            <param index="0">
              <value>
                <![CDATA[4.0]]>
              </value>
            </param>
            <param index="1">
              <value>
                <![CDATA[-3.0]]>
              </value>
            </param>
            <param index="2">
              <value>
                <![CDATA[true]]>
              </value>
            </param>
          </params>
          <reporter-output>
          </reporter-output>
        </test-method> <!-- isPointInArea_ValidValuesInArea -->
        <test-method status="PASS" signature="isPointInArea_ValidValuesInArea(double, double, boolean)[pri:0, instance:tests.task0104.Tst0401IsPointInArea@3c756e4d]" name="isPointInArea_ValidValuesInArea" duration-ms="1" started-at="2017-06-26T12:41:32Z" data-provider="dp1" finished-at="2017-06-26T12:41:32Z">
          <params>
            <param index="0">
              <value>
                <![CDATA[3.0]]>
              </value>
            </param>
            <param index="1">
              <value>
                <![CDATA[-3.0]]>
              </value>
            </param>
            <param index="2">
              <value>
                <![CDATA[true]]>
              </value>
            </param>
          </params>
          <reporter-output>
          </reporter-output>
        </test-method> <!-- isPointInArea_ValidValuesInArea -->
        <test-method status="PASS" signature="isPointInArea_ValidValuesInArea(double, double, boolean)[pri:0, instance:tests.task0104.Tst0401IsPointInArea@3c756e4d]" name="isPointInArea_ValidValuesInArea" duration-ms="0" started-at="2017-06-26T12:41:32Z" data-provider="dp1" finished-at="2017-06-26T12:41:32Z">
          <params>
            <param index="0">
              <value>
                <![CDATA[2.0]]>
              </value>
            </param>
            <param index="1">
              <value>
                <![CDATA[-3.0]]>
              </value>
            </param>
            <param index="2">
              <value>
                <![CDATA[true]]>
              </value>
            </param>
          </params>
          <reporter-output>
          </reporter-output>
        </test-method> <!-- isPointInArea_ValidValuesInArea -->
        <test-method status="PASS" signature="isPointInArea_ValidValuesInArea(double, double, boolean)[pri:0, instance:tests.task0104.Tst0401IsPointInArea@3c756e4d]" name="isPointInArea_ValidValuesInArea" duration-ms="1" started-at="2017-06-26T12:41:33Z" data-provider="dp1" finished-at="2017-06-26T12:41:33Z">
          <params>
            <param index="0">
              <value>
                <![CDATA[1.0]]>
              </value>
            </param>
            <param index="1">
              <value>
                <![CDATA[-3.0]]>
              </value>
            </param>
            <param index="2">
              <value>
                <![CDATA[true]]>
              </value>
            </param>
          </params>
          <reporter-output>
          </reporter-output>
        </test-method> <!-- isPointInArea_ValidValuesInArea -->
        <test-method status="PASS" signature="isPointInArea_ValidValuesInArea(double, double, boolean)[pri:0, instance:tests.task0104.Tst0401IsPointInArea@3c756e4d]" name="isPointInArea_ValidValuesInArea" duration-ms="0" started-at="2017-06-26T12:41:33Z" data-provider="dp1" finished-at="2017-06-26T12:41:33Z">
          <params>
            <param index="0">
              <value>
                <![CDATA[0.0]]>
              </value>
            </param>
            <param index="1">
              <value>
                <![CDATA[-3.0]]>
              </value>
            </param>
            <param index="2">
              <value>
                <![CDATA[true]]>
              </value>
            </param>
          </params>
          <reporter-output>
          </reporter-output>
        </test-method> <!-- isPointInArea_ValidValuesInArea -->
        <test-method status="PASS" signature="isPointInArea_ValidValuesInArea(double, double, boolean)[pri:0, instance:tests.task0104.Tst0401IsPointInArea@3c756e4d]" name="isPointInArea_ValidValuesInArea" duration-ms="1" started-at="2017-06-26T12:41:33Z" data-provider="dp1" finished-at="2017-06-26T12:41:33Z">
          <params>
            <param index="0">
              <value>
                <![CDATA[-1.0]]>
              </value>
            </param>
            <param index="1">
              <value>
                <![CDATA[-3.0]]>
              </value>
            </param>
            <param index="2">
              <value>
                <![CDATA[true]]>
              </value>
            </param>
          </params>
          <reporter-output>
          </reporter-output>
        </test-method> <!-- isPointInArea_ValidValuesInArea -->
        <test-method status="PASS" signature="isPointInArea_ValidValuesInArea(double, double, boolean)[pri:0, instance:tests.task0104.Tst0401IsPointInArea@3c756e4d]" name="isPointInArea_ValidValuesInArea" duration-ms="0" started-at="2017-06-26T12:41:33Z" data-provider="dp1" finished-at="2017-06-26T12:41:33Z">
          <params>
            <param index="0">
              <value>
                <![CDATA[-2.0]]>
              </value>
            </param>
            <param index="1">
              <value>
                <![CDATA[-3.0]]>
              </value>
            </param>
            <param index="2">
              <value>
                <![CDATA[true]]>
              </value>
            </param>
          </params>
          <reporter-output>
          </reporter-output>
        </test-method> <!-- isPointInArea_ValidValuesInArea -->
        <test-method status="PASS" signature="isPointInArea_ValidValuesInArea(double, double, boolean)[pri:0, instance:tests.task0104.Tst0401IsPointInArea@3c756e4d]" name="isPointInArea_ValidValuesInArea" duration-ms="5" started-at="2017-06-26T12:41:33Z" data-provider="dp1" finished-at="2017-06-26T12:41:33Z">
          <params>
            <param index="0">
              <value>
                <![CDATA[-3.0]]>
              </value>
            </param>
            <param index="1">
              <value>
                <![CDATA[-3.0]]>
              </value>
            </param>
            <param index="2">
              <value>
                <![CDATA[true]]>
              </value>
            </param>
          </params>
          <reporter-output>
          </reporter-output>
        </test-method> <!-- isPointInArea_ValidValuesInArea -->
        <test-method status="PASS" signature="isPointInArea_ValidValuesInArea(double, double, boolean)[pri:0, instance:tests.task0104.Tst0401IsPointInArea@3c756e4d]" name="isPointInArea_ValidValuesInArea" duration-ms="5" started-at="2017-06-26T12:41:33Z" data-provider="dp1" finished-at="2017-06-26T12:41:33Z">
          <params>
            <param index="0">
              <value>
                <![CDATA[-4.0]]>
              </value>
            </param>
            <param index="1">
              <value>
                <![CDATA[-3.0]]>
              </value>
            </param>
            <param index="2">
              <value>
                <![CDATA[true]]>
              </value>
            </param>
          </params>
          <reporter-output>
          </reporter-output>
        </test-method> <!-- isPointInArea_ValidValuesInArea -->
        <test-method status="PASS" signature="isPointInArea_ValidValuesInArea(double, double, boolean)[pri:0, instance:tests.task0104.Tst0401IsPointInArea@3c756e4d]" name="isPointInArea_ValidValuesInArea" duration-ms="1" started-at="2017-06-26T12:41:33Z" data-provider="dp1" finished-at="2017-06-26T12:41:33Z">
          <params>
            <param index="0">
              <value>
                <![CDATA[-4.0]]>
              </value>
            </param>
            <param index="1">
              <value>
                <![CDATA[-2.0]]>
              </value>
            </param>
            <param index="2">
              <value>
                <![CDATA[true]]>
              </value>
            </param>
          </params>
          <reporter-output>
          </reporter-output>
        </test-method> <!-- isPointInArea_ValidValuesInArea -->
        <test-method status="PASS" signature="isPointInArea_ValidValuesInArea(double, double, boolean)[pri:0, instance:tests.task0104.Tst0401IsPointInArea@3c756e4d]" name="isPointInArea_ValidValuesInArea" duration-ms="1" started-at="2017-06-26T12:41:33Z" data-provider="dp1" finished-at="2017-06-26T12:41:33Z">
          <params>
            <param index="0">
              <value>
                <![CDATA[-4.0]]>
              </value>
            </param>
            <param index="1">
              <value>
                <![CDATA[-1.0]]>
              </value>
            </param>
            <param index="2">
              <value>
                <![CDATA[true]]>
              </value>
            </param>
          </params>
          <reporter-output>
          </reporter-output>
        </test-method> <!-- isPointInArea_ValidValuesInArea -->
        <test-method status="PASS" signature="isPointInArea_ValidValuesInArea(double, double, boolean)[pri:0, instance:tests.task0104.Tst0401IsPointInArea@3c756e4d]" name="isPointInArea_ValidValuesInArea" duration-ms="0" started-at="2017-06-26T12:41:33Z" data-provider="dp1" finished-at="2017-06-26T12:41:33Z">
          <params>
            <param index="0">
              <value>
                <![CDATA[-4.0]]>
              </value>
            </param>
            <param index="1">
              <value>
                <![CDATA[0.0]]>
              </value>
            </param>
            <param index="2">
              <value>
                <![CDATA[true]]>
              </value>
            </param>
          </params>
          <reporter-output>
          </reporter-output>
        </test-method> <!-- isPointInArea_ValidValuesInArea -->
        <test-method status="PASS" signature="isPointInArea_ValidValuesInArea(double, double, boolean)[pri:0, instance:tests.task0104.Tst0401IsPointInArea@3c756e4d]" name="isPointInArea_ValidValuesInArea" duration-ms="3" started-at="2017-06-26T12:41:33Z" data-provider="dp1" finished-at="2017-06-26T12:41:33Z">
          <params>
            <param index="0">
              <value>
                <![CDATA[-3.0]]>
              </value>
            </param>
            <param index="1">
              <value>
                <![CDATA[0.0]]>
              </value>
            </param>
            <param index="2">
              <value>
                <![CDATA[true]]>
              </value>
            </param>
          </params>
          <reporter-output>
          </reporter-output>
        </test-method> <!-- isPointInArea_ValidValuesInArea -->
        <test-method status="PASS" signature="isPointInArea_ValidValuesInArea(double, double, boolean)[pri:0, instance:tests.task0104.Tst0401IsPointInArea@3c756e4d]" name="isPointInArea_ValidValuesInArea" duration-ms="0" started-at="2017-06-26T12:41:33Z" data-provider="dp1" finished-at="2017-06-26T12:41:33Z">
          <params>
            <param index="0">
              <value>
                <![CDATA[-2.0]]>
              </value>
            </param>
            <param index="1">
              <value>
                <![CDATA[0.0]]>
              </value>
            </param>
            <param index="2">
              <value>
                <![CDATA[true]]>
              </value>
            </param>
          </params>
          <reporter-output>
          </reporter-output>
        </test-method> <!-- isPointInArea_ValidValuesInArea -->
        <test-method status="PASS" signature="isPointInArea_ValidValuesInArea(double, double, boolean)[pri:0, instance:tests.task0104.Tst0401IsPointInArea@3c756e4d]" name="isPointInArea_ValidValuesInArea" duration-ms="1" started-at="2017-06-26T12:41:33Z" data-provider="dp1" finished-at="2017-06-26T12:41:33Z">
          <params>
            <param index="0">
              <value>
                <![CDATA[-2.0]]>
              </value>
            </param>
            <param index="1">
              <value>
                <![CDATA[1.0]]>
              </value>
            </param>
            <param index="2">
              <value>
                <![CDATA[true]]>
              </value>
            </param>
          </params>
          <reporter-output>
          </reporter-output>
        </test-method> <!-- isPointInArea_ValidValuesInArea -->
        <test-method status="PASS" signature="isPointInArea_ValidValuesInArea(double, double, boolean)[pri:0, instance:tests.task0104.Tst0401IsPointInArea@3c756e4d]" name="isPointInArea_ValidValuesInArea" duration-ms="1" started-at="2017-06-26T12:41:33Z" data-provider="dp1" finished-at="2017-06-26T12:41:33Z">
          <params>
            <param index="0">
              <value>
                <![CDATA[-2.0]]>
              </value>
            </param>
            <param index="1">
              <value>
                <![CDATA[2.0]]>
              </value>
            </param>
            <param index="2">
              <value>
                <![CDATA[true]]>
              </value>
            </param>
          </params>
          <reporter-output>
          </reporter-output>
        </test-method> <!-- isPointInArea_ValidValuesInArea -->
        <test-method status="PASS" signature="isPointInArea_ValidValuesInArea(double, double, boolean)[pri:0, instance:tests.task0104.Tst0401IsPointInArea@3c756e4d]" name="isPointInArea_ValidValuesInArea" duration-ms="1" started-at="2017-06-26T12:41:33Z" data-provider="dp1" finished-at="2017-06-26T12:41:33Z">
          <params>
            <param index="0">
              <value>
                <![CDATA[-2.0]]>
              </value>
            </param>
            <param index="1">
              <value>
                <![CDATA[3.0]]>
              </value>
            </param>
            <param index="2">
              <value>
                <![CDATA[true]]>
              </value>
            </param>
          </params>
          <reporter-output>
          </reporter-output>
        </test-method> <!-- isPointInArea_ValidValuesInArea -->
        <test-method status="PASS" signature="isPointInArea_ValidValuesInArea(double, double, boolean)[pri:0, instance:tests.task0104.Tst0401IsPointInArea@3c756e4d]" name="isPointInArea_ValidValuesInArea" duration-ms="1" started-at="2017-06-26T12:41:33Z" data-provider="dp1" finished-at="2017-06-26T12:41:33Z">
          <params>
            <param index="0">
              <value>
                <![CDATA[-2.0]]>
              </value>
            </param>
            <param index="1">
              <value>
                <![CDATA[4.0]]>
              </value>
            </param>
            <param index="2">
              <value>
                <![CDATA[true]]>
              </value>
            </param>
          </params>
          <reporter-output>
          </reporter-output>
        </test-method> <!-- isPointInArea_ValidValuesInArea -->
        <test-method status="PASS" signature="isPointInArea_ValidValuesInArea(double, double, boolean)[pri:0, instance:tests.task0104.Tst0401IsPointInArea@3c756e4d]" name="isPointInArea_ValidValuesInArea" duration-ms="0" started-at="2017-06-26T12:41:33Z" data-provider="dp1" finished-at="2017-06-26T12:41:33Z">
          <params>
            <param index="0">
              <value>
                <![CDATA[-1.0]]>
              </value>
            </param>
            <param index="1">
              <value>
                <![CDATA[4.0]]>
              </value>
            </param>
            <param index="2">
              <value>
                <![CDATA[true]]>
              </value>
            </param>
          </params>
          <reporter-output>
          </reporter-output>
        </test-method> <!-- isPointInArea_ValidValuesInArea -->
        <test-method status="PASS" signature="isPointInArea_ValidValuesInArea(double, double, boolean)[pri:0, instance:tests.task0104.Tst0401IsPointInArea@3c756e4d]" name="isPointInArea_ValidValuesInArea" duration-ms="0" started-at="2017-06-26T12:41:33Z" data-provider="dp1" finished-at="2017-06-26T12:41:33Z">
          <params>
            <param index="0">
              <value>
                <![CDATA[0.0]]>
              </value>
            </param>
            <param index="1">
              <value>
                <![CDATA[-1.6]]>
              </value>
            </param>
            <param index="2">
              <value>
                <![CDATA[true]]>
              </value>
            </param>
          </params>
          <reporter-output>
          </reporter-output>
        </test-method> <!-- isPointInArea_ValidValuesInArea -->
        <test-method status="PASS" signature="isPointInArea_ValidValuesInArea(double, double, boolean)[pri:0, instance:tests.task0104.Tst0401IsPointInArea@3c756e4d]" name="isPointInArea_ValidValuesInArea" duration-ms="0" started-at="2017-06-26T12:41:33Z" data-provider="dp1" finished-at="2017-06-26T12:41:33Z">
          <params>
            <param index="0">
              <value>
                <![CDATA[0.0]]>
              </value>
            </param>
            <param index="1">
              <value>
                <![CDATA[-0.4]]>
              </value>
            </param>
            <param index="2">
              <value>
                <![CDATA[true]]>
              </value>
            </param>
          </params>
          <reporter-output>
          </reporter-output>
        </test-method> <!-- isPointInArea_ValidValuesInArea -->
        <test-method status="PASS" signature="isPointInArea_ValidValuesInArea(double, double, boolean)[pri:0, instance:tests.task0104.Tst0401IsPointInArea@3c756e4d]" name="isPointInArea_ValidValuesInArea" duration-ms="1" started-at="2017-06-26T12:41:33Z" data-provider="dp1" finished-at="2017-06-26T12:41:33Z">
          <params>
            <param index="0">
              <value>
                <![CDATA[0.6]]>
              </value>
            </param>
            <param index="1">
              <value>
                <![CDATA[-1.0]]>
              </value>
            </param>
            <param index="2">
              <value>
                <![CDATA[true]]>
              </value>
            </param>
          </params>
          <reporter-output>
          </reporter-output>
        </test-method> <!-- isPointInArea_ValidValuesInArea -->
        <test-method status="PASS" signature="isPointInArea_ValidValuesInArea(double, double, boolean)[pri:0, instance:tests.task0104.Tst0401IsPointInArea@3c756e4d]" name="isPointInArea_ValidValuesInArea" duration-ms="1" started-at="2017-06-26T12:41:33Z" data-provider="dp1" finished-at="2017-06-26T12:41:33Z">
          <params>
            <param index="0">
              <value>
                <![CDATA[-0.6]]>
              </value>
            </param>
            <param index="1">
[...]
	at org.testng.Assert.failNotEquals(Assert.java:512)
	at org.testng.Assert.assertTrue(Assert.java:41)
	at org.testng.Assert.assertTrue(Assert.java:51)
	at tests.task0108.Tst0801ArrayExceptionPos.divisionByZeroCatchExp(Tst0801ArrayExceptionPos.java:71)
	at sun.reflect.NativeMethodAccessorImpl.invoke0(Native Method)
	at sun.reflect.NativeMethodAccessorImpl.invoke(NativeMethodAccessorImpl.java:62)
	at sun.reflect.DelegatingMethodAccessorImpl.invoke(DelegatingMethodAccessorImpl.java:43)
	at java.lang.reflect.Method.invoke(Method.java:498)
	at org.testng.internal.MethodInvocationHelper.invokeMethod(MethodInvocationHelper.java:108)
	at org.testng.internal.Invoker.invokeMethod(Invoker.java:661)
	at org.testng.internal.Invoker.invokeTestMethod(Invoker.java:869)
	at org.testng.internal.Invoker.invokeTestMethods(Invoker.java:1193)
	at org.testng.internal.TestMethodWorker.invokeTestMethods(TestMethodWorker.java:126)
	at org.testng.internal.TestMethodWorker.run(TestMethodWorker.java:109)
	at org.testng.TestRunner.privateRun(TestRunner.java:744)
	at org.testng.TestRunner.run(TestRunner.java:602)
	at org.testng.SuiteRunner.runTest(SuiteRunner.java:380)
	at org.testng.SuiteRunner.runSequentially(SuiteRunner.java:375)
	at org.testng.SuiteRunner.privateRun(SuiteRunner.java:340)
	at org.testng.SuiteRunner.run(SuiteRunner.java:289)
	at org.testng.SuiteRunnerWorker.runSuite(SuiteRunnerWorker.java:52)
	at org.testng.SuiteRunnerWorker.run(SuiteRunnerWorker.java:86)
	at org.testng.TestNG.runSuitesSequentially(TestNG.java:1301)
	at org.testng.TestNG.runSuitesLocally(TestNG.java:1226)
	at org.testng.TestNG.runSuites(TestNG.java:1144)
	at org.testng.TestNG.run(TestNG.java:1115)
	at org.testng.remote.AbstractRemoteTestNG.run(AbstractRemoteTestNG.java:132)
	at org.testng.remote.RemoteTestNG.initAndRun(RemoteTestNG.java:230)
	at org.testng.remote.RemoteTestNG.main(RemoteTestNG.java:76)
]]>
            </full-stacktrace>
          </exception> <!-- java.lang.AssertionError -->
          <reporter-output>
          </reporter-output>
        </test-method> <!-- divisionByZeroCatchExp -->
        <test-method status="PASS" signature="illegalArgExpIncorrectValues(int)[pri:0, instance:tests.task0108.Tst0801ArrayExceptionPos@573f2bb1]" name="illegalArgExpIncorrectValues" duration-ms="2" started-at="2017-06-26T12:41:33Z" data-provider="dp1" finished-at="2017-06-26T12:41:33Z">
          <params>
            <param index="0">
              <value>
                <![CDATA[-1]]>
              </value>
            </param>
          </params>
          <exception class="java.lang.IllegalArgumentException">
            <message>
              <![CDATA[Size can not be a negative number]]>
            </message>
            <full-stacktrace>
              <![CDATA[java.lang.IllegalArgumentException: Size can not be a negative number
	at tests.task0108.Tst0801ArrayExceptionPos.illegalArgExpIncorrectValues(Tst0801ArrayExceptionPos.java:20)
	at sun.reflect.NativeMethodAccessorImpl.invoke0(Native Method)
	at sun.reflect.NativeMethodAccessorImpl.invoke(NativeMethodAccessorImpl.java:62)
	at sun.reflect.DelegatingMethodAccessorImpl.invoke(DelegatingMethodAccessorImpl.java:43)
	at java.lang.reflect.Method.invoke(Method.java:498)
	at org.testng.internal.MethodInvocationHelper.invokeMethod(MethodInvocationHelper.java:108)
	at org.testng.internal.Invoker.invokeMethod(Invoker.java:661)
	at org.testng.internal.Invoker.invokeTestMethod(Invoker.java:869)
	at org.testng.internal.Invoker.invokeTestMethods(Invoker.java:1193)
	at org.testng.internal.TestMethodWorker.invokeTestMethods(TestMethodWorker.java:126)
	at org.testng.internal.TestMethodWorker.run(TestMethodWorker.java:109)
	at org.testng.TestRunner.privateRun(TestRunner.java:744)
	at org.testng.TestRunner.run(TestRunner.java:602)
	at org.testng.SuiteRunner.runTest(SuiteRunner.java:380)
	at org.testng.SuiteRunner.runSequentially(SuiteRunner.java:375)
	at org.testng.SuiteRunner.privateRun(SuiteRunner.java:340)
	at org.testng.SuiteRunner.run(SuiteRunner.java:289)
	at org.testng.SuiteRunnerWorker.runSuite(SuiteRunnerWorker.java:52)
	at org.testng.SuiteRunnerWorker.run(SuiteRunnerWorker.java:86)
	at org.testng.TestNG.runSuitesSequentially(TestNG.java:1301)
	at org.testng.TestNG.runSuitesLocally(TestNG.java:1226)
	at org.testng.TestNG.runSuites(TestNG.java:1144)
	at org.testng.TestNG.run(TestNG.java:1115)
	at org.testng.remote.AbstractRemoteTestNG.run(AbstractRemoteTestNG.java:132)
	at org.testng.remote.RemoteTestNG.initAndRun(RemoteTestNG.java:230)
	at org.testng.remote.RemoteTestNG.main(RemoteTestNG.java:76)
]]>
            </full-stacktrace>
          </exception> <!-- java.lang.IllegalArgumentException -->
          <reporter-output>
          </reporter-output>
        </test-method> <!-- illegalArgExpIncorrectValues -->
        <test-method status="PASS" signature="illegalArgExpIncorrectValues(int)[pri:0, instance:tests.task0108.Tst0801ArrayExceptionPos@573f2bb1]" name="illegalArgExpIncorrectValues" duration-ms="2" started-at="2017-06-26T12:41:33Z" data-provider="dp1" finished-at="2017-06-26T12:41:33Z">
          <params>
            <param index="0">
              <value>
                <![CDATA[-2147483648]]>
              </value>
            </param>
          </params>
          <exception class="java.lang.IllegalArgumentException">
            <message>
              <![CDATA[Size can not be a negative number]]>
            </message>
            <full-stacktrace>
              <![CDATA[java.lang.IllegalArgumentException: Size can not be a negative number
	at tests.task0108.Tst0801ArrayExceptionPos.illegalArgExpIncorrectValues(Tst0801ArrayExceptionPos.java:20)
	at sun.reflect.NativeMethodAccessorImpl.invoke0(Native Method)
	at sun.reflect.NativeMethodAccessorImpl.invoke(NativeMethodAccessorImpl.java:62)
	at sun.reflect.DelegatingMethodAccessorImpl.invoke(DelegatingMethodAccessorImpl.java:43)
	at java.lang.reflect.Method.invoke(Method.java:498)
	at org.testng.internal.MethodInvocationHelper.invokeMethod(MethodInvocationHelper.java:108)
	at org.testng.internal.Invoker.invokeMethod(Invoker.java:661)
	at org.testng.internal.Invoker.invokeTestMethod(Invoker.java:869)
	at org.testng.internal.Invoker.invokeTestMethods(Invoker.java:1193)
	at org.testng.internal.TestMethodWorker.invokeTestMethods(TestMethodWorker.java:126)
	at org.testng.internal.TestMethodWorker.run(TestMethodWorker.java:109)
	at org.testng.TestRunner.privateRun(TestRunner.java:744)
	at org.testng.TestRunner.run(TestRunner.java:602)
	at org.testng.SuiteRunner.runTest(SuiteRunner.java:380)
	at org.testng.SuiteRunner.runSequentially(SuiteRunner.java:375)
	at org.testng.SuiteRunner.privateRun(SuiteRunner.java:340)
	at org.testng.SuiteRunner.run(SuiteRunner.java:289)
	at org.testng.SuiteRunnerWorker.runSuite(SuiteRunnerWorker.java:52)
	at org.testng.SuiteRunnerWorker.run(SuiteRunnerWorker.java:86)
	at org.testng.TestNG.runSuitesSequentially(TestNG.java:1301)
	at org.testng.TestNG.runSuitesLocally(TestNG.java:1226)
	at org.testng.TestNG.runSuites(TestNG.java:1144)
	at org.testng.TestNG.run(TestNG.java:1115)
	at org.testng.remote.AbstractRemoteTestNG.run(AbstractRemoteTestNG.java:132)
	at org.testng.remote.RemoteTestNG.initAndRun(RemoteTestNG.java:230)
	at org.testng.remote.RemoteTestNG.main(RemoteTestNG.java:76)
]]>
            </full-stacktrace>
          </exception> <!-- java.lang.IllegalArgumentException -->
          <reporter-output>
          </reporter-output>
        </test-method> <!-- illegalArgExpIncorrectValues -->
        <test-method status="PASS" signature="positiveElementOfArray([I, int, int)[pri:0, instance:tests.task0108.Tst0801ArrayExceptionPos@573f2bb1]" name="positiveElementOfArray" duration-ms="2" started-at="2017-06-26T12:41:33Z" data-provider="dp5" finished-at="2017-06-26T12:41:33Z">
          <params>
            <param index="0">
              <value>
                <![CDATA[[I@7ce6a65d]]>
              </value>
            </param>
            <param index="1">
              <value>
                <![CDATA[2]]>
              </value>
            </param>
            <param index="2">
              <value>
                <![CDATA[6]]>
              </value>
            </param>
          </params>
          <exception class="java.lang.IllegalArgumentException">
            <message>
              <![CDATA[elements of array should be a positive number]]>
            </message>
            <full-stacktrace>
              <![CDATA[java.lang.IllegalArgumentException: elements of array should be a positive number
	at tests.task0108.Tst0801ArrayExceptionPos.positiveElementOfArray(Tst0801ArrayExceptionPos.java:57)
	at sun.reflect.NativeMethodAccessorImpl.invoke0(Native Method)
	at sun.reflect.NativeMethodAccessorImpl.invoke(NativeMethodAccessorImpl.java:62)
	at sun.reflect.DelegatingMethodAccessorImpl.invoke(DelegatingMethodAccessorImpl.java:43)
	at java.lang.reflect.Method.invoke(Method.java:498)
	at org.testng.internal.MethodInvocationHelper.invokeMethod(MethodInvocationHelper.java:108)
	at org.testng.internal.Invoker.invokeMethod(Invoker.java:661)
	at org.testng.internal.Invoker.invokeTestMethod(Invoker.java:869)
	at org.testng.internal.Invoker.invokeTestMethods(Invoker.java:1193)
	at org.testng.internal.TestMethodWorker.invokeTestMethods(TestMethodWorker.java:126)
	at org.testng.internal.TestMethodWorker.run(TestMethodWorker.java:109)
	at org.testng.TestRunner.privateRun(TestRunner.java:744)
	at org.testng.TestRunner.run(TestRunner.java:602)
	at org.testng.SuiteRunner.runTest(SuiteRunner.java:380)
	at org.testng.SuiteRunner.runSequentially(SuiteRunner.java:375)
	at org.testng.SuiteRunner.privateRun(SuiteRunner.java:340)
	at org.testng.SuiteRunner.run(SuiteRunner.java:289)
	at org.testng.SuiteRunnerWorker.runSuite(SuiteRunnerWorker.java:52)
	at org.testng.SuiteRunnerWorker.run(SuiteRunnerWorker.java:86)
	at org.testng.TestNG.runSuitesSequentially(TestNG.java:1301)
	at org.testng.TestNG.runSuitesLocally(TestNG.java:1226)
	at org.testng.TestNG.runSuites(TestNG.java:1144)
	at org.testng.TestNG.run(TestNG.java:1115)
	at org.testng.remote.AbstractRemoteTestNG.run(AbstractRemoteTestNG.java:132)
	at org.testng.remote.RemoteTestNG.initAndRun(RemoteTestNG.java:230)
	at org.testng.remote.RemoteTestNG.main(RemoteTestNG.java:76)
]]>
            </full-stacktrace>
          </exception> <!-- java.lang.IllegalArgumentException -->
          <reporter-output>
          </reporter-output>
        </test-method> <!-- positiveElementOfArray -->
        <test-method status="PASS" signature="summCorrectValues([I, int, int)[pri:0, instance:tests.task0108.Tst0801ArrayExceptionPos@573f2bb1]" name="summCorrectValues" duration-ms="1" started-at="2017-06-26T12:41:33Z" data-provider="dp3" finished-at="2017-06-26T12:41:33Z">
          <params>
            <param index="0">
              <value>
                <![CDATA[[I@cb51256]]>
              </value>
            </param>
            <param index="1">
              <value>
                <![CDATA[2]]>
              </value>
            </param>
            <param index="2">
              <value>
                <![CDATA[6]]>
              </value>
            </param>
          </params>
          <reporter-output>
          </reporter-output>
        </test-method> <!-- summCorrectValues -->
        <test-method status="PASS" signature="summCorrectValues([I, int, int)[pri:0, instance:tests.task0108.Tst0801ArrayExceptionPos@573f2bb1]" name="summCorrectValues" duration-ms="0" started-at="2017-06-26T12:41:33Z" data-provider="dp3" finished-at="2017-06-26T12:41:33Z">
          <params>
            <param index="0">
              <value>
                <![CDATA[[I@59906517]]>
              </value>
            </param>
            <param index="1">
              <value>
                <![CDATA[2]]>
              </value>
            </param>
            <param index="2">
              <value>
                <![CDATA[0]]>
              </value>
            </param>
          </params>
          <reporter-output>
          </reporter-output>
        </test-method> <!-- summCorrectValues -->
      </class> <!-- tests.task0108.Tst0801ArrayExceptionPos -->
      <class name="tests.task0105.Tst0501Pow">
        <test-method status="PASS" signature="pow_ValidValues(double, double, double, [D)[pri:0, instance:tests.task0105.Tst0501Pow@7c0e2abd]" name="pow_ValidValues" duration-ms="61" started-at="2017-06-26T12:41:33Z" data-provider="dp1" finished-at="2017-06-26T12:41:33Z">
          <params>
            <param index="0">
              <value>
                <![CDATA[0.0]]>
              </value>
            </param>
            <param index="1">
              <value>
                <![CDATA[0.0]]>
              </value>
            </param>
            <param index="2">
              <value>
                <![CDATA[0.0]]>
              </value>
            </param>
            <param index="3">
              <value>
                <![CDATA[[D@1500955a]]>
              </value>
            </param>
          </params>
          <reporter-output>
          </reporter-output>
        </test-method> <!-- pow_ValidValues -->
        <test-method status="PASS" signature="pow_ValidValues(double, double, double, [D)[pri:0, instance:tests.task0105.Tst0501Pow@7c0e2abd]" name="pow_ValidValues" duration-ms="1" started-at="2017-06-26T12:41:33Z" data-provider="dp1" finished-at="2017-06-26T12:41:33Z">
          <params>
            <param index="0">
              <value>
                <![CDATA[-0.0]]>
              </value>
            </param>
            <param index="1">
              <value>
                <![CDATA[-0.0]]>
              </value>
            </param>
            <param index="2">
              <value>
                <![CDATA[-0.0]]>
              </value>
            </param>
            <param index="3">
              <value>
                <![CDATA[[D@e874448]]>
              </value>
            </param>
          </params>
          <reporter-output>
          </reporter-output>
        </test-method> <!-- pow_ValidValues -->
        <test-method status="PASS" signature="pow_ValidValues(double, double, double, [D)[pri:0, instance:tests.task0105.Tst0501Pow@7c0e2abd]" name="pow_ValidValues" duration-ms="2" started-at="2017-06-26T12:41:33Z" data-provider="dp1" finished-at="2017-06-26T12:41:33Z">
          <params>
            <param index="0">
              <value>
                <![CDATA[-2.0]]>
              </value>
            </param>
            <param index="1">
              <value>
                <![CDATA[2.0]]>
              </value>
            </param>
            <param index="2">
              <value>
                <![CDATA[2.0]]>
              </value>
            </param>
            <param index="3">
              <value>
                <![CDATA[[D@29b5cd00]]>
              </value>
            </param>
          </params>
          <reporter-output>
          </reporter-output>
        </test-method> <!-- pow_ValidValues -->
        <test-method status="PASS" signature="pow_ValidValues(double, double, double, [D)[pri:0, instance:tests.task0105.Tst0501Pow@7c0e2abd]" name="pow_ValidValues" duration-ms="1" started-at="2017-06-26T12:41:33Z" data-provider="dp1" finished-at="2017-06-26T12:41:33Z">
          <params>
            <param index="0">
              <value>
                <![CDATA[3.0]]>
              </value>
            </param>
            <param index="1">
              <value>
                <![CDATA[-2.0]]>
              </value>
            </param>
            <param index="2">
              <value>
                <![CDATA[3.0]]>
              </value>
            </param>
            <param index="3">
              <value>
                <![CDATA[[D@60285225]]>
              </value>
            </param>
          </params>
          <reporter-output>
          </reporter-output>
        </test-method> <!-- pow_ValidValues -->
        <test-method status="PASS" signature="pow_ValidValues(double, double, double, [D)[pri:0, instance:tests.task0105.Tst0501Pow@7c0e2abd]" name="pow_ValidValues" duration-ms="6" started-at="2017-06-26T12:41:33Z" data-provider="dp1" finished-at="2017-06-26T12:41:33Z">
          <params>
            <param index="0">
              <value>
                <![CDATA[4.0]]>
              </value>
            </param>
            <param index="1">
              <value>
                <![CDATA[3.0]]>
              </value>
            </param>
            <param index="2">
              <value>
                <![CDATA[-4.0]]>
              </value>
            </param>
            <param index="3">
              <value>
                <![CDATA[[D@7113b13f]]>
              </value>
            </param>
          </params>
          <reporter-output>
          </reporter-output>
        </test-method> <!-- pow_ValidValues -->
        <test-method status="PASS" signature="pow_ValidValues(double, double, double, [D)[pri:0, instance:tests.task0105.Tst0501Pow@7c0e2abd]" name="pow_ValidValues" duration-ms="1" started-at="2017-06-26T12:41:33Z" data-provider="dp1" finished-at="2017-06-26T12:41:33Z">
          <params>
            <param index="0">
              <value>
                <![CDATA[4]]>
              </value>
            </param>
            <param index="1">
              <value>
                <![CDATA[3]]>
              </value>
            </param>
            <param index="2">
              <value>
                <![CDATA[-4]]>
              </value>
            </param>
            <param index="3">
              <value>
                <![CDATA[[D@45820e51]]>
              </value>
            </param>
          </params>
          <reporter-output>
          </reporter-output>
        </test-method> <!-- pow_ValidValues -->
        <test-method status="PASS" signature="pow_ValidValues(double, double, double, [D)[pri:0, instance:tests.task0105.Tst0501Pow@7c0e2abd]" name="pow_ValidValues" duration-ms="2" started-at="2017-06-26T12:41:33Z" data-provider="dp1" finished-at="2017-06-26T12:41:33Z">
          <params>
            <param index="0">
              <value>
                <![CDATA[1.7976931348623157E308]]>
              </value>
            </param>
            <param index="1">
              <value>
                <![CDATA[1.7976931348623157E308]]>
              </value>
            </param>
            <param index="2">
              <value>
                <![CDATA[1.7976931348623157E308]]>
              </value>
            </param>
            <param index="3">
              <value>
                <![CDATA[[D@42d8062c]]>
              </value>
            </param>
          </params>
          <reporter-output>
          </reporter-output>
        </test-method> <!-- pow_ValidValues -->
        <test-method status="PASS" signature="pow_ValidValues(double, double, double, [D)[pri:0, instance:tests.task0105.Tst0501Pow@7c0e2abd]" name="pow_ValidValues" duration-ms="5" started-at="2017-06-26T12:41:33Z" data-provider="dp1" finished-at="2017-06-26T12:41:33Z">
          <params>
            <param index="0">
              <value>
                <![CDATA[-1.7976931348623157E308]]>
              </value>
            </param>
            <param index="1">
              <value>
                <![CDATA[-1.7976931348623157E308]]>
              </value>
            </param>
            <param index="2">
              <value>
                <![CDATA[-1.7976931348623157E308]]>
              </value>
            </param>
            <param index="3">
              <value>
                <![CDATA[[D@6043cd28]]>
              </value>
            </param>
          </params>
          <reporter-output>
          </reporter-output>
        </test-method> <!-- pow_ValidValues -->
      </class> <!-- tests.task0105.Tst0501Pow -->
    </test> <!-- AutoQA -->
  </suite> <!-- TestSuite -->
</testng-results>
